2017-06-03 10:19:13.8290|Ruiec.Home.Controllers.HomeController|DEBUG|  Logger 测试1 
2017-06-03 10:19:13.8800|Ruiec.Home.Controllers.HomeController|ERROR|  Logger 测试2 
2017-06-03 10:19:13.8800|Ruiec.Home.Controllers.HomeController|INFO|  Logger 测试3 
2017-06-03 10:19:13.8800|Ruiec.Home.Controllers.HomeController|WARN|  Logger 测试4 
2017-06-03 10:19:16.8110|Vic.Core.Application.Services.ArticleAppService|ERROR|  ArticleAppService Create error occured:The entity type 'ArticleDto' was not found. Ensure that the entity type has been added to the model. 
2017-06-03 10:19:16.8110|Ruiec.Home.Controllers.HomeController|DEBUG|  Logger 测试1 
2017-06-03 10:19:16.8110|Ruiec.Home.Controllers.HomeController|ERROR|  Logger 测试2 
2017-06-03 10:19:16.8230|Ruiec.Home.Controllers.HomeController|INFO|  Logger 测试3 
2017-06-03 10:19:16.8230|Ruiec.Home.Controllers.HomeController|WARN|  Logger 测试4 
2017-06-03 10:22:17.4820|Vic.Core.Application.Services.ArticleAppService|ERROR|  ArticleAppService Create error occured:The entity type 'ArticleDto' was not found. Ensure that the entity type has been added to the model. 
2017-06-03 10:22:17.4820|Ruiec.Home.Controllers.HomeController|DEBUG|  Logger 测试1 
2017-06-03 10:22:17.4880|Ruiec.Home.Controllers.HomeController|ERROR|  Logger 测试2 
2017-06-03 10:22:17.4880|Ruiec.Home.Controllers.HomeController|INFO|  Logger 测试3 
2017-06-03 10:22:17.4880|Ruiec.Home.Controllers.HomeController|WARN|  Logger 测试4 
2017-06-03 10:25:16.0190|Ruiec.Home.Controllers.HomeController|DEBUG|  Logger 测试1 
2017-06-03 10:25:16.0460|Ruiec.Home.Controllers.HomeController|ERROR|  Logger 测试2 
2017-06-03 10:25:16.0500|Ruiec.Home.Controllers.HomeController|INFO|  Logger 测试3 
2017-06-03 10:25:16.0500|Ruiec.Home.Controllers.HomeController|WARN|  Logger 测试4 
2017-06-03 10:25:35.3440|Ruiec.Home.Controllers.HomeController|DEBUG|  Logger 测试1 
2017-06-03 10:25:35.3700|Ruiec.Home.Controllers.HomeController|ERROR|  Logger 测试2 
2017-06-03 10:25:35.3700|Ruiec.Home.Controllers.HomeController|INFO|  Logger 测试3 
2017-06-03 10:25:35.3780|Ruiec.Home.Controllers.HomeController|WARN|  Logger 测试4 
2017-06-03 10:26:23.5030|Ruiec.Home.Controllers.HomeController|DEBUG|  Logger 测试1 
2017-06-03 10:26:23.5270|Ruiec.Home.Controllers.HomeController|ERROR|  Logger 测试2 
2017-06-03 10:26:23.5270|Ruiec.Home.Controllers.HomeController|INFO|  Logger 测试3 
2017-06-03 10:26:23.5350|Ruiec.Home.Controllers.HomeController|WARN|  Logger 测试4 
2017-06-03 10:26:37.2150|Ruiec.Home.Controllers.HomeController|DEBUG|  Logger 测试1 
2017-06-03 10:26:37.2150|Ruiec.Home.Controllers.HomeController|ERROR|  Logger 测试2 
2017-06-03 10:26:37.2150|Ruiec.Home.Controllers.HomeController|INFO|  Logger 测试3 
2017-06-03 10:26:37.2360|Ruiec.Home.Controllers.HomeController|WARN|  Logger 测试4 
2017-06-03 10:26:37.5300|Ruiec.Home.Controllers.HomeController|DEBUG|  Logger 测试1 
2017-06-03 10:26:37.5570|Ruiec.Home.Controllers.HomeController|ERROR|  Logger 测试2 
2017-06-03 10:26:37.6060|Ruiec.Home.Controllers.HomeController|INFO|  Logger 测试3 
2017-06-03 10:26:37.6060|Ruiec.Home.Controllers.HomeController|WARN|  Logger 测试4 
2017-06-03 10:26:38.6220|Ruiec.Home.Controllers.HomeController|DEBUG|  Logger 测试1 
2017-06-03 10:26:38.6350|Ruiec.Home.Controllers.HomeController|ERROR|  Logger 测试2 
2017-06-03 10:26:38.6350|Ruiec.Home.Controllers.HomeController|INFO|  Logger 测试3 
2017-06-03 10:26:38.6350|Ruiec.Home.Controllers.HomeController|WARN|  Logger 测试4 
